  Ryan.cpp
C:\Users\fodzl\Downloads\미드텀이그잼202237010임수빈 (1)\미드텀이그잼202237010임수빈\Ryan\yuhanCG.h(37,27): warning C4244: '초기화 중': 'double'에서 'int'(으)로 변환하면서 데이터가 손실될 수 있습니다.
C:\Users\fodzl\Downloads\미드텀이그잼202237010임수빈 (1)\미드텀이그잼202237010임수빈\Ryan\yuhanCG.h(42,70): warning C4244: '인수': 'double'에서 'int'(으)로 변환하면서 데이터가 손실될 수 있습니다.
C:\Users\fodzl\Downloads\미드텀이그잼202237010임수빈 (1)\미드텀이그잼202237010임수빈\Ryan\yuhanCG.h(42,26): warning C4244: '인수': 'double'에서 'int'(으)로 변환하면서 데이터가 손실될 수 있습니다.
C:\Users\fodzl\Downloads\미드텀이그잼202237010임수빈 (1)\미드텀이그잼202237010임수빈\Ryan\yuhanCG.h(43,70): warning C4244: '인수': 'double'에서 'int'(으)로 변환하면서 데이터가 손실될 수 있습니다.
C:\Users\fodzl\Downloads\미드텀이그잼202237010임수빈 (1)\미드텀이그잼202237010임수빈\Ryan\yuhanCG.h(43,26): warning C4244: '인수': 'double'에서 'int'(으)로 변환하면서 데이터가 손실될 수 있습니다.
C:\Users\fodzl\Downloads\미드텀이그잼202237010임수빈 (1)\미드텀이그잼202237010임수빈\Ryan\yuhanCG.h(52,90): warning C4244: '인수': 'double'에서 'int'(으)로 변환하면서 데이터가 손실될 수 있습니다.
C:\Users\fodzl\Downloads\미드텀이그잼202237010임수빈 (1)\미드텀이그잼202237010임수빈\Ryan\yuhanCG.h(63,27): warning C4244: '인수': 'double'에서 'int'(으)로 변환하면서 데이터가 손실될 수 있습니다.
C:\Users\fodzl\Downloads\미드텀이그잼202237010임수빈 (1)\미드텀이그잼202237010임수빈\Ryan\yuhanCG.h(64,67): warning C4244: '인수': 'double'에서 'int'(으)로 변환하면서 데이터가 손실될 수 있습니다.
C:\Users\fodzl\Downloads\미드텀이그잼202237010임수빈 (1)\미드텀이그잼202237010임수빈\Ryan\yuhanCG.h(66,27): warning C4244: '인수': 'double'에서 'int'(으)로 변환하면서 데이터가 손실될 수 있습니다.
C:\Users\fodzl\Downloads\미드텀이그잼202237010임수빈 (1)\미드텀이그잼202237010임수빈\Ryan\yuhanCG.h(67,67): warning C4244: '인수': 'double'에서 'int'(으)로 변환하면서 데이터가 손실될 수 있습니다.
C:\Users\fodzl\Downloads\미드텀이그잼202237010임수빈 (1)\미드텀이그잼202237010임수빈\Ryan\yuhanCG.h(70,27): warning C4244: '인수': 'double'에서 'int'(으)로 변환하면서 데이터가 손실될 수 있습니다.
C:\Users\fodzl\Downloads\미드텀이그잼202237010임수빈 (1)\미드텀이그잼202237010임수빈\Ryan\yuhanCG.h(71,67): warning C4244: '인수': 'double'에서 'int'(으)로 변환하면서 데이터가 손실될 수 있습니다.
C:\Users\fodzl\Downloads\미드텀이그잼202237010임수빈 (1)\미드텀이그잼202237010임수빈\Ryan\yuhanCG.h(73,27): warning C4244: '인수': 'double'에서 'int'(으)로 변환하면서 데이터가 손실될 수 있습니다.
C:\Users\fodzl\Downloads\미드텀이그잼202237010임수빈 (1)\미드텀이그잼202237010임수빈\Ryan\yuhanCG.h(74,67): warning C4244: '인수': 'double'에서 'int'(으)로 변환하면서 데이터가 손실될 수 있습니다.
C:\Users\fodzl\Downloads\미드텀이그잼202237010임수빈 (1)\미드텀이그잼202237010임수빈\Ryan\yuhanCG.h(88,20): warning C4244: '초기화 중': 'double'에서 'int'(으)로 변환하면서 데이터가 손실될 수 있습니다.
C:\Users\fodzl\Downloads\미드텀이그잼202237010임수빈 (1)\미드텀이그잼202237010임수빈\Ryan\yuhanCG.h(101,26): warning C4244: '초기화 중': 'double'에서 'int'(으)로 변환하면서 데이터가 손실될 수 있습니다.
C:\Users\fodzl\Downloads\미드텀이그잼202237010임수빈 (1)\미드텀이그잼202237010임수빈\Ryan\yuhanCG.h(102,26): warning C4244: '초기화 중': 'double'에서 'int'(으)로 변환하면서 데이터가 손실될 수 있습니다.
C:\Users\fodzl\Downloads\미드텀이그잼202237010임수빈 (1)\미드텀이그잼202237010임수빈\Ryan\yuhanCG.h(115,20): warning C4244: '초기화 중': 'double'에서 'int'(으)로 변환하면서 데이터가 손실될 수 있습니다.
C:\Users\fodzl\Downloads\미드텀이그잼202237010임수빈 (1)\미드텀이그잼202237010임수빈\Ryan\yuhanCG.h(121,29): warning C4244: '=': 'double'에서 'LONG'(으)로 변환하면서 데이터가 손실될 수 있습니다.
C:\Users\fodzl\Downloads\미드텀이그잼202237010임수빈 (1)\미드텀이그잼202237010임수빈\Ryan\yuhanCG.h(137,19): warning C4244: '초기화 중': 'double'에서 'int'(으)로 변환하면서 데이터가 손실될 수 있습니다.
C:\Users\fodzl\Downloads\미드텀이그잼202237010임수빈 (1)\미드텀이그잼202237010임수빈\Ryan\yuhanCG.h(160,86): warning C4244: '인수': 'double'에서 'int'(으)로 변환하면서 데이터가 손실될 수 있습니다.
C:\Users\fodzl\Downloads\미드텀이그잼202237010임수빈 (1)\미드텀이그잼202237010임수빈\Ryan\yuhanCG.h(160,64): warning C4244: '인수': 'double'에서 'int'(으)로 변환하면서 데이터가 손실될 수 있습니다.
C:\Users\fodzl\Downloads\미드텀이그잼202237010임수빈 (1)\미드텀이그잼202237010임수빈\Ryan\yuhanCG.h(160,42): warning C4244: '인수': 'double'에서 'int'(으)로 변환하면서 데이터가 손실될 수 있습니다.
C:\Users\fodzl\Downloads\미드텀이그잼202237010임수빈 (1)\미드텀이그잼202237010임수빈\Ryan\yuhanCG.h(160,23): warning C4244: '인수': 'double'에서 'int'(으)로 변환하면서 데이터가 손실될 수 있습니다.
C:\Users\fodzl\Downloads\미드텀이그잼202237010임수빈 (1)\미드텀이그잼202237010임수빈\Ryan\yuhanCG.h(166,84): warning C4244: '인수': 'double'에서 'int'(으)로 변환하면서 데이터가 손실될 수 있습니다.
C:\Users\fodzl\Downloads\미드텀이그잼202237010임수빈 (1)\미드텀이그잼202237010임수빈\Ryan\yuhanCG.h(166,63): warning C4244: '인수': 'double'에서 'int'(으)로 변환하면서 데이터가 손실될 수 있습니다.
C:\Users\fodzl\Downloads\미드텀이그잼202237010임수빈 (1)\미드텀이그잼202237010임수빈\Ryan\yuhanCG.h(166,42): warning C4244: '인수': 'double'에서 'int'(으)로 변환하면서 데이터가 손실될 수 있습니다.
C:\Users\fodzl\Downloads\미드텀이그잼202237010임수빈 (1)\미드텀이그잼202237010임수빈\Ryan\yuhanCG.h(166,23): warning C4244: '인수': 'double'에서 'int'(으)로 변환하면서 데이터가 손실될 수 있습니다.
C:\Users\fodzl\Downloads\미드텀이그잼202237010임수빈 (1)\미드텀이그잼202237010임수빈\Ryan\yuhanCG.h(167,86): warning C4244: '인수': 'double'에서 'int'(으)로 변환하면서 데이터가 손실될 수 있습니다.
C:\Users\fodzl\Downloads\미드텀이그잼202237010임수빈 (1)\미드텀이그잼202237010임수빈\Ryan\yuhanCG.h(167,65): warning C4244: '인수': 'double'에서 'int'(으)로 변환하면서 데이터가 손실될 수 있습니다.
C:\Users\fodzl\Downloads\미드텀이그잼202237010임수빈 (1)\미드텀이그잼202237010임수빈\Ryan\yuhanCG.h(167,43): warning C4244: '인수': 'double'에서 'int'(으)로 변환하면서 데이터가 손실될 수 있습니다.
C:\Users\fodzl\Downloads\미드텀이그잼202237010임수빈 (1)\미드텀이그잼202237010임수빈\Ryan\yuhanCG.h(167,24): warning C4244: '인수': 'double'에서 'int'(으)로 변환하면서 데이터가 손실될 수 있습니다.
C:\Users\fodzl\Downloads\미드텀이그잼202237010임수빈 (1)\미드텀이그잼202237010임수빈\Ryan\yuhanCG.h(173,44): warning C4244: '인수': 'double'에서 'int'(으)로 변환하면서 데이터가 손실될 수 있습니다.
C:\Users\fodzl\Downloads\미드텀이그잼202237010임수빈 (1)\미드텀이그잼202237010임수빈\Ryan\yuhanCG.h(173,24): warning C4244: '인수': 'double'에서 'int'(으)로 변환하면서 데이터가 손실될 수 있습니다.
C:\Users\fodzl\Downloads\미드텀이그잼202237010임수빈 (1)\미드텀이그잼202237010임수빈\Ryan\yuhanCG.h(174,42): warning C4244: '인수': 'double'에서 'int'(으)로 변환하면서 데이터가 손실될 수 있습니다.
C:\Users\fodzl\Downloads\미드텀이그잼202237010임수빈 (1)\미드텀이그잼202237010임수빈\Ryan\yuhanCG.h(174,22): warning C4244: '인수': 'double'에서 'int'(으)로 변환하면서 데이터가 손실될 수 있습니다.
C:\Users\fodzl\Downloads\미드텀이그잼202237010임수빈 (1)\미드텀이그잼202237010임수빈\Ryan\yuhanCG.h(175,45): warning C4244: '인수': 'double'에서 'int'(으)로 변환하면서 데이터가 손실될 수 있습니다.
C:\Users\fodzl\Downloads\미드텀이그잼202237010임수빈 (1)\미드텀이그잼202237010임수빈\Ryan\yuhanCG.h(175,25): warning C4244: '인수': 'double'에서 'int'(으)로 변환하면서 데이터가 손실될 수 있습니다.
C:\Users\fodzl\Downloads\미드텀이그잼202237010임수빈 (1)\미드텀이그잼202237010임수빈\Ryan\yuhanCG.h(176,43): warning C4244: '인수': 'double'에서 'int'(으)로 변환하면서 데이터가 손실될 수 있습니다.
C:\Users\fodzl\Downloads\미드텀이그잼202237010임수빈 (1)\미드텀이그잼202237010임수빈\Ryan\yuhanCG.h(176,23): warning C4244: '인수': 'double'에서 'int'(으)로 변환하면서 데이터가 손실될 수 있습니다.
C:\Users\fodzl\Downloads\미드텀이그잼202237010임수빈 (1)\미드텀이그잼202237010임수빈\Ryan\yuhanCG.h(182,84): warning C4244: '인수': 'double'에서 'int'(으)로 변환하면서 데이터가 손실될 수 있습니다.
C:\Users\fodzl\Downloads\미드텀이그잼202237010임수빈 (1)\미드텀이그잼202237010임수빈\Ryan\yuhanCG.h(182,65): warning C4244: '인수': 'double'에서 'int'(으)로 변환하면서 데이터가 손실될 수 있습니다.
C:\Users\fodzl\Downloads\미드텀이그잼202237010임수빈 (1)\미드텀이그잼202237010임수빈\Ryan\yuhanCG.h(182,43): warning C4244: '인수': 'double'에서 'int'(으)로 변환하면서 데이터가 손실될 수 있습니다.
C:\Users\fodzl\Downloads\미드텀이그잼202237010임수빈 (1)\미드텀이그잼202237010임수빈\Ryan\yuhanCG.h(182,23): warning C4244: '인수': 'double'에서 'int'(으)로 변환하면서 데이터가 손실될 수 있습니다.
C:\Users\fodzl\Downloads\미드텀이그잼202237010임수빈 (1)\미드텀이그잼202237010임수빈\Ryan\yuhanCG.h(183,86): warning C4244: '인수': 'double'에서 'int'(으)로 변환하면서 데이터가 손실될 수 있습니다.
C:\Users\fodzl\Downloads\미드텀이그잼202237010임수빈 (1)\미드텀이그잼202237010임수빈\Ryan\yuhanCG.h(183,67): warning C4244: '인수': 'double'에서 'int'(으)로 변환하면서 데이터가 손실될 수 있습니다.
C:\Users\fodzl\Downloads\미드텀이그잼202237010임수빈 (1)\미드텀이그잼202237010임수빈\Ryan\yuhanCG.h(183,44): warning C4244: '인수': 'double'에서 'int'(으)로 변환하면서 데이터가 손실될 수 있습니다.
C:\Users\fodzl\Downloads\미드텀이그잼202237010임수빈 (1)\미드텀이그잼202237010임수빈\Ryan\yuhanCG.h(183,24): warning C4244: '인수': 'double'에서 'int'(으)로 변환하면서 데이터가 손실될 수 있습니다.
C:\Users\fodzl\Downloads\미드텀이그잼202237010임수빈 (1)\미드텀이그잼202237010임수빈\Ryan\Ryan.cpp(41,19): warning C4244: '인수': 'double'에서 'int'(으)로 변환하면서 데이터가 손실될 수 있습니다.
C:\Users\fodzl\Downloads\미드텀이그잼202237010임수빈 (1)\미드텀이그잼202237010임수빈\Ryan\Ryan.cpp(47,18): warning C4244: '인수': 'double'에서 'int'(으)로 변환하면서 데이터가 손실될 수 있습니다.
C:\Users\fodzl\Downloads\미드텀이그잼202237010임수빈 (1)\미드텀이그잼202237010임수빈\Ryan\Ryan.cpp(53,21): warning C4244: '인수': 'double'에서 'int'(으)로 변환하면서 데이터가 손실될 수 있습니다.
C:\Users\fodzl\Downloads\미드텀이그잼202237010임수빈 (1)\미드텀이그잼202237010임수빈\Ryan\Ryan.cpp(59,23): warning C4244: '인수': 'double'에서 'int'(으)로 변환하면서 데이터가 손실될 수 있습니다.
C:\Users\fodzl\Downloads\미드텀이그잼202237010임수빈 (1)\미드텀이그잼202237010임수빈\Ryan\Ryan.cpp(65,19): warning C4244: '인수': 'double'에서 'int'(으)로 변환하면서 데이터가 손실될 수 있습니다.
  Ryan.vcxproj -> C:\Users\fodzl\Downloads\미드텀이그잼202237010임수빈 (1)\미드텀이그잼202237010임수빈\Debug\Ryan.exe
