  yuhanCG.cpp
C:\Users\fodzl\Downloads\미드텀이그잼202237010임수빈 (1)\미드텀이그잼202237010임수빈\Ryan\yuhanCG.h(17,86): warning C4244: '인수': 'double'에서 'int'(으)로 변환하면서 데이터가 손실될 수 있습니다.
C:\Users\fodzl\Downloads\미드텀이그잼202237010임수빈 (1)\미드텀이그잼202237010임수빈\Ryan\yuhanCG.h(17,64): warning C4244: '인수': 'double'에서 'int'(으)로 변환하면서 데이터가 손실될 수 있습니다.
C:\Users\fodzl\Downloads\미드텀이그잼202237010임수빈 (1)\미드텀이그잼202237010임수빈\Ryan\yuhanCG.h(17,42): warning C4244: '인수': 'double'에서 'int'(으)로 변환하면서 데이터가 손실될 수 있습니다.
C:\Users\fodzl\Downloads\미드텀이그잼202237010임수빈 (1)\미드텀이그잼202237010임수빈\Ryan\yuhanCG.h(17,23): warning C4244: '인수': 'double'에서 'int'(으)로 변환하면서 데이터가 손실될 수 있습니다.
C:\Users\fodzl\Downloads\미드텀이그잼202237010임수빈 (1)\미드텀이그잼202237010임수빈\Ryan\yuhanCG.h(23,84): warning C4244: '인수': 'double'에서 'int'(으)로 변환하면서 데이터가 손실될 수 있습니다.
C:\Users\fodzl\Downloads\미드텀이그잼202237010임수빈 (1)\미드텀이그잼202237010임수빈\Ryan\yuhanCG.h(23,63): warning C4244: '인수': 'double'에서 'int'(으)로 변환하면서 데이터가 손실될 수 있습니다.
C:\Users\fodzl\Downloads\미드텀이그잼202237010임수빈 (1)\미드텀이그잼202237010임수빈\Ryan\yuhanCG.h(23,42): warning C4244: '인수': 'double'에서 'int'(으)로 변환하면서 데이터가 손실될 수 있습니다.
C:\Users\fodzl\Downloads\미드텀이그잼202237010임수빈 (1)\미드텀이그잼202237010임수빈\Ryan\yuhanCG.h(23,23): warning C4244: '인수': 'double'에서 'int'(으)로 변환하면서 데이터가 손실될 수 있습니다.
C:\Users\fodzl\Downloads\미드텀이그잼202237010임수빈 (1)\미드텀이그잼202237010임수빈\Ryan\yuhanCG.h(24,86): warning C4244: '인수': 'double'에서 'int'(으)로 변환하면서 데이터가 손실될 수 있습니다.
C:\Users\fodzl\Downloads\미드텀이그잼202237010임수빈 (1)\미드텀이그잼202237010임수빈\Ryan\yuhanCG.h(24,65): warning C4244: '인수': 'double'에서 'int'(으)로 변환하면서 데이터가 손실될 수 있습니다.
C:\Users\fodzl\Downloads\미드텀이그잼202237010임수빈 (1)\미드텀이그잼202237010임수빈\Ryan\yuhanCG.h(24,43): warning C4244: '인수': 'double'에서 'int'(으)로 변환하면서 데이터가 손실될 수 있습니다.
C:\Users\fodzl\Downloads\미드텀이그잼202237010임수빈 (1)\미드텀이그잼202237010임수빈\Ryan\yuhanCG.h(24,24): warning C4244: '인수': 'double'에서 'int'(으)로 변환하면서 데이터가 손실될 수 있습니다.
C:\Users\fodzl\Downloads\미드텀이그잼202237010임수빈 (1)\미드텀이그잼202237010임수빈\Ryan\yuhanCG.h(30,44): warning C4244: '인수': 'double'에서 'int'(으)로 변환하면서 데이터가 손실될 수 있습니다.
C:\Users\fodzl\Downloads\미드텀이그잼202237010임수빈 (1)\미드텀이그잼202237010임수빈\Ryan\yuhanCG.h(30,24): warning C4244: '인수': 'double'에서 'int'(으)로 변환하면서 데이터가 손실될 수 있습니다.
C:\Users\fodzl\Downloads\미드텀이그잼202237010임수빈 (1)\미드텀이그잼202237010임수빈\Ryan\yuhanCG.h(31,42): warning C4244: '인수': 'double'에서 'int'(으)로 변환하면서 데이터가 손실될 수 있습니다.
C:\Users\fodzl\Downloads\미드텀이그잼202237010임수빈 (1)\미드텀이그잼202237010임수빈\Ryan\yuhanCG.h(31,22): warning C4244: '인수': 'double'에서 'int'(으)로 변환하면서 데이터가 손실될 수 있습니다.
C:\Users\fodzl\Downloads\미드텀이그잼202237010임수빈 (1)\미드텀이그잼202237010임수빈\Ryan\yuhanCG.h(32,45): warning C4244: '인수': 'double'에서 'int'(으)로 변환하면서 데이터가 손실될 수 있습니다.
C:\Users\fodzl\Downloads\미드텀이그잼202237010임수빈 (1)\미드텀이그잼202237010임수빈\Ryan\yuhanCG.h(32,25): warning C4244: '인수': 'double'에서 'int'(으)로 변환하면서 데이터가 손실될 수 있습니다.
C:\Users\fodzl\Downloads\미드텀이그잼202237010임수빈 (1)\미드텀이그잼202237010임수빈\Ryan\yuhanCG.h(33,43): warning C4244: '인수': 'double'에서 'int'(으)로 변환하면서 데이터가 손실될 수 있습니다.
C:\Users\fodzl\Downloads\미드텀이그잼202237010임수빈 (1)\미드텀이그잼202237010임수빈\Ryan\yuhanCG.h(33,23): warning C4244: '인수': 'double'에서 'int'(으)로 변환하면서 데이터가 손실될 수 있습니다.
C:\Users\fodzl\Downloads\미드텀이그잼202237010임수빈 (1)\미드텀이그잼202237010임수빈\Ryan\yuhanCG.h(39,84): warning C4244: '인수': 'double'에서 'int'(으)로 변환하면서 데이터가 손실될 수 있습니다.
C:\Users\fodzl\Downloads\미드텀이그잼202237010임수빈 (1)\미드텀이그잼202237010임수빈\Ryan\yuhanCG.h(39,65): warning C4244: '인수': 'double'에서 'int'(으)로 변환하면서 데이터가 손실될 수 있습니다.
C:\Users\fodzl\Downloads\미드텀이그잼202237010임수빈 (1)\미드텀이그잼202237010임수빈\Ryan\yuhanCG.h(39,43): warning C4244: '인수': 'double'에서 'int'(으)로 변환하면서 데이터가 손실될 수 있습니다.
C:\Users\fodzl\Downloads\미드텀이그잼202237010임수빈 (1)\미드텀이그잼202237010임수빈\Ryan\yuhanCG.h(39,23): warning C4244: '인수': 'double'에서 'int'(으)로 변환하면서 데이터가 손실될 수 있습니다.
C:\Users\fodzl\Downloads\미드텀이그잼202237010임수빈 (1)\미드텀이그잼202237010임수빈\Ryan\yuhanCG.h(40,86): warning C4244: '인수': 'double'에서 'int'(으)로 변환하면서 데이터가 손실될 수 있습니다.
C:\Users\fodzl\Downloads\미드텀이그잼202237010임수빈 (1)\미드텀이그잼202237010임수빈\Ryan\yuhanCG.h(40,67): warning C4244: '인수': 'double'에서 'int'(으)로 변환하면서 데이터가 손실될 수 있습니다.
C:\Users\fodzl\Downloads\미드텀이그잼202237010임수빈 (1)\미드텀이그잼202237010임수빈\Ryan\yuhanCG.h(40,44): warning C4244: '인수': 'double'에서 'int'(으)로 변환하면서 데이터가 손실될 수 있습니다.
C:\Users\fodzl\Downloads\미드텀이그잼202237010임수빈 (1)\미드텀이그잼202237010임수빈\Ryan\yuhanCG.h(40,24): warning C4244: '인수': 'double'에서 'int'(으)로 변환하면서 데이터가 손실될 수 있습니다.
C:\Users\fodzl\Downloads\미드텀이그잼202237010임수빈 (1)\미드텀이그잼202237010임수빈\Ryan\yuhanCG.h(77,27): warning C4244: '초기화 중': 'double'에서 'int'(으)로 변환하면서 데이터가 손실될 수 있습니다.
C:\Users\fodzl\Downloads\미드텀이그잼202237010임수빈 (1)\미드텀이그잼202237010임수빈\Ryan\yuhanCG.h(82,70): warning C4244: '인수': 'double'에서 'int'(으)로 변환하면서 데이터가 손실될 수 있습니다.
C:\Users\fodzl\Downloads\미드텀이그잼202237010임수빈 (1)\미드텀이그잼202237010임수빈\Ryan\yuhanCG.h(82,26): warning C4244: '인수': 'double'에서 'int'(으)로 변환하면서 데이터가 손실될 수 있습니다.
C:\Users\fodzl\Downloads\미드텀이그잼202237010임수빈 (1)\미드텀이그잼202237010임수빈\Ryan\yuhanCG.h(83,70): warning C4244: '인수': 'double'에서 'int'(으)로 변환하면서 데이터가 손실될 수 있습니다.
C:\Users\fodzl\Downloads\미드텀이그잼202237010임수빈 (1)\미드텀이그잼202237010임수빈\Ryan\yuhanCG.h(83,26): warning C4244: '인수': 'double'에서 'int'(으)로 변환하면서 데이터가 손실될 수 있습니다.
C:\Users\fodzl\Downloads\미드텀이그잼202237010임수빈 (1)\미드텀이그잼202237010임수빈\Ryan\yuhanCG.h(92,90): warning C4244: '인수': 'double'에서 'int'(으)로 변환하면서 데이터가 손실될 수 있습니다.
C:\Users\fodzl\Downloads\미드텀이그잼202237010임수빈 (1)\미드텀이그잼202237010임수빈\Ryan\yuhanCG.h(103,27): warning C4244: '인수': 'double'에서 'int'(으)로 변환하면서 데이터가 손실될 수 있습니다.
C:\Users\fodzl\Downloads\미드텀이그잼202237010임수빈 (1)\미드텀이그잼202237010임수빈\Ryan\yuhanCG.h(104,67): warning C4244: '인수': 'double'에서 'int'(으)로 변환하면서 데이터가 손실될 수 있습니다.
C:\Users\fodzl\Downloads\미드텀이그잼202237010임수빈 (1)\미드텀이그잼202237010임수빈\Ryan\yuhanCG.h(106,27): warning C4244: '인수': 'double'에서 'int'(으)로 변환하면서 데이터가 손실될 수 있습니다.
C:\Users\fodzl\Downloads\미드텀이그잼202237010임수빈 (1)\미드텀이그잼202237010임수빈\Ryan\yuhanCG.h(107,67): warning C4244: '인수': 'double'에서 'int'(으)로 변환하면서 데이터가 손실될 수 있습니다.
C:\Users\fodzl\Downloads\미드텀이그잼202237010임수빈 (1)\미드텀이그잼202237010임수빈\Ryan\yuhanCG.h(110,27): warning C4244: '인수': 'double'에서 'int'(으)로 변환하면서 데이터가 손실될 수 있습니다.
C:\Users\fodzl\Downloads\미드텀이그잼202237010임수빈 (1)\미드텀이그잼202237010임수빈\Ryan\yuhanCG.h(111,67): warning C4244: '인수': 'double'에서 'int'(으)로 변환하면서 데이터가 손실될 수 있습니다.
C:\Users\fodzl\Downloads\미드텀이그잼202237010임수빈 (1)\미드텀이그잼202237010임수빈\Ryan\yuhanCG.h(113,27): warning C4244: '인수': 'double'에서 'int'(으)로 변환하면서 데이터가 손실될 수 있습니다.
C:\Users\fodzl\Downloads\미드텀이그잼202237010임수빈 (1)\미드텀이그잼202237010임수빈\Ryan\yuhanCG.h(114,67): warning C4244: '인수': 'double'에서 'int'(으)로 변환하면서 데이터가 손실될 수 있습니다.
C:\Users\fodzl\Downloads\미드텀이그잼202237010임수빈 (1)\미드텀이그잼202237010임수빈\Ryan\yuhanCG.h(128,24): warning C4244: '초기화 중': 'double'에서 'int'(으)로 변환하면서 데이터가 손실될 수 있습니다.
C:\Users\fodzl\Downloads\미드텀이그잼202237010임수빈 (1)\미드텀이그잼202237010임수빈\Ryan\yuhanCG.h(141,30): warning C4244: '초기화 중': 'double'에서 'int'(으)로 변환하면서 데이터가 손실될 수 있습니다.
C:\Users\fodzl\Downloads\미드텀이그잼202237010임수빈 (1)\미드텀이그잼202237010임수빈\Ryan\yuhanCG.h(142,30): warning C4244: '초기화 중': 'double'에서 'int'(으)로 변환하면서 데이터가 손실될 수 있습니다.
C:\Users\fodzl\Downloads\미드텀이그잼202237010임수빈 (1)\미드텀이그잼202237010임수빈\Ryan\yuhanCG.h(152,24): warning C4244: '초기화 중': 'double'에서 'int'(으)로 변환하면서 데이터가 손실될 수 있습니다.
C:\Users\fodzl\Downloads\미드텀이그잼202237010임수빈 (1)\미드텀이그잼202237010임수빈\Ryan\yuhanCG.h(158,33): warning C4244: '=': 'double'에서 'LONG'(으)로 변환하면서 데이터가 손실될 수 있습니다.
C:\Users\fodzl\Downloads\미드텀이그잼202237010임수빈 (1)\미드텀이그잼202237010임수빈\Ryan\yuhanCG.h(174,23): warning C4244: '초기화 중': 'double'에서 'int'(으)로 변환하면서 데이터가 손실될 수 있습니다.
C:\Users\fodzl\Downloads\미드텀이그잼202237010임수빈 (1)\미드텀이그잼202237010임수빈\Ryan\yuhanCG.cpp(51,19): warning C4244: '인수': 'double'에서 'int'(으)로 변환하면서 데이터가 손실될 수 있습니다.
C:\Users\fodzl\Downloads\미드텀이그잼202237010임수빈 (1)\미드텀이그잼202237010임수빈\Ryan\yuhanCG.cpp(57,18): warning C4244: '인수': 'double'에서 'int'(으)로 변환하면서 데이터가 손실될 수 있습니다.
C:\Users\fodzl\Downloads\미드텀이그잼202237010임수빈 (1)\미드텀이그잼202237010임수빈\Ryan\yuhanCG.cpp(63,21): warning C4244: '인수': 'double'에서 'int'(으)로 변환하면서 데이터가 손실될 수 있습니다.
C:\Users\fodzl\Downloads\미드텀이그잼202237010임수빈 (1)\미드텀이그잼202237010임수빈\Ryan\yuhanCG.cpp(69,23): warning C4244: '인수': 'double'에서 'int'(으)로 변환하면서 데이터가 손실될 수 있습니다.
C:\Users\fodzl\Downloads\미드텀이그잼202237010임수빈 (1)\미드텀이그잼202237010임수빈\Ryan\yuhanCG.cpp(75,19): warning C4244: '인수': 'double'에서 'int'(으)로 변환하면서 데이터가 손실될 수 있습니다.
  Ryan.vcxproj -> C:\Users\fodzl\Downloads\미드텀이그잼202237010임수빈 (1)\미드텀이그잼202237010임수빈\Debug\Ryan.exe
