  202237010_임수빈_보노보노.cpp
C:\Users\fodzl\Downloads\미드텀이그잼202237010임수빈 (1)\미드텀이그잼202237010임수빈\202237010_임수빈_보노보노\202237010_임수빈_보노보노.cpp(40,19): warning C4244: '인수': 'double'에서 'int'(으)로 변환하면서 데이터가 손실될 수 있습니다.
C:\Users\fodzl\Downloads\미드텀이그잼202237010임수빈 (1)\미드텀이그잼202237010임수빈\202237010_임수빈_보노보노\202237010_임수빈_보노보노.cpp(46,18): warning C4244: '인수': 'double'에서 'int'(으)로 변환하면서 데이터가 손실될 수 있습니다.
C:\Users\fodzl\Downloads\미드텀이그잼202237010임수빈 (1)\미드텀이그잼202237010임수빈\202237010_임수빈_보노보노\202237010_임수빈_보노보노.cpp(52,21): warning C4244: '인수': 'double'에서 'int'(으)로 변환하면서 데이터가 손실될 수 있습니다.
C:\Users\fodzl\Downloads\미드텀이그잼202237010임수빈 (1)\미드텀이그잼202237010임수빈\202237010_임수빈_보노보노\202237010_임수빈_보노보노.cpp(58,23): warning C4244: '인수': 'double'에서 'int'(으)로 변환하면서 데이터가 손실될 수 있습니다.
C:\Users\fodzl\Downloads\미드텀이그잼202237010임수빈 (1)\미드텀이그잼202237010임수빈\202237010_임수빈_보노보노\202237010_임수빈_보노보노.cpp(64,19): warning C4244: '인수': 'double'에서 'int'(으)로 변환하면서 데이터가 손실될 수 있습니다.
C:\Users\fodzl\Downloads\미드텀이그잼202237010임수빈 (1)\미드텀이그잼202237010임수빈\202237010_임수빈_보노보노\202237010_임수빈_보노보노.cpp(273,27): warning C4244: '초기화 중': 'double'에서 'int'(으)로 변환하면서 데이터가 손실될 수 있습니다.
C:\Users\fodzl\Downloads\미드텀이그잼202237010임수빈 (1)\미드텀이그잼202237010임수빈\202237010_임수빈_보노보노\202237010_임수빈_보노보노.cpp(278,70): warning C4244: '인수': 'double'에서 'int'(으)로 변환하면서 데이터가 손실될 수 있습니다.
C:\Users\fodzl\Downloads\미드텀이그잼202237010임수빈 (1)\미드텀이그잼202237010임수빈\202237010_임수빈_보노보노\202237010_임수빈_보노보노.cpp(278,26): warning C4244: '인수': 'double'에서 'int'(으)로 변환하면서 데이터가 손실될 수 있습니다.
C:\Users\fodzl\Downloads\미드텀이그잼202237010임수빈 (1)\미드텀이그잼202237010임수빈\202237010_임수빈_보노보노\202237010_임수빈_보노보노.cpp(279,70): warning C4244: '인수': 'double'에서 'int'(으)로 변환하면서 데이터가 손실될 수 있습니다.
C:\Users\fodzl\Downloads\미드텀이그잼202237010임수빈 (1)\미드텀이그잼202237010임수빈\202237010_임수빈_보노보노\202237010_임수빈_보노보노.cpp(279,26): warning C4244: '인수': 'double'에서 'int'(으)로 변환하면서 데이터가 손실될 수 있습니다.
C:\Users\fodzl\Downloads\미드텀이그잼202237010임수빈 (1)\미드텀이그잼202237010임수빈\202237010_임수빈_보노보노\202237010_임수빈_보노보노.cpp(288,90): warning C4244: '인수': 'double'에서 'int'(으)로 변환하면서 데이터가 손실될 수 있습니다.
C:\Users\fodzl\Downloads\미드텀이그잼202237010임수빈 (1)\미드텀이그잼202237010임수빈\202237010_임수빈_보노보노\202237010_임수빈_보노보노.cpp(299,27): warning C4244: '인수': 'double'에서 'int'(으)로 변환하면서 데이터가 손실될 수 있습니다.
C:\Users\fodzl\Downloads\미드텀이그잼202237010임수빈 (1)\미드텀이그잼202237010임수빈\202237010_임수빈_보노보노\202237010_임수빈_보노보노.cpp(300,67): warning C4244: '인수': 'double'에서 'int'(으)로 변환하면서 데이터가 손실될 수 있습니다.
C:\Users\fodzl\Downloads\미드텀이그잼202237010임수빈 (1)\미드텀이그잼202237010임수빈\202237010_임수빈_보노보노\202237010_임수빈_보노보노.cpp(302,27): warning C4244: '인수': 'double'에서 'int'(으)로 변환하면서 데이터가 손실될 수 있습니다.
C:\Users\fodzl\Downloads\미드텀이그잼202237010임수빈 (1)\미드텀이그잼202237010임수빈\202237010_임수빈_보노보노\202237010_임수빈_보노보노.cpp(303,67): warning C4244: '인수': 'double'에서 'int'(으)로 변환하면서 데이터가 손실될 수 있습니다.
C:\Users\fodzl\Downloads\미드텀이그잼202237010임수빈 (1)\미드텀이그잼202237010임수빈\202237010_임수빈_보노보노\202237010_임수빈_보노보노.cpp(306,27): warning C4244: '인수': 'double'에서 'int'(으)로 변환하면서 데이터가 손실될 수 있습니다.
C:\Users\fodzl\Downloads\미드텀이그잼202237010임수빈 (1)\미드텀이그잼202237010임수빈\202237010_임수빈_보노보노\202237010_임수빈_보노보노.cpp(307,67): warning C4244: '인수': 'double'에서 'int'(으)로 변환하면서 데이터가 손실될 수 있습니다.
C:\Users\fodzl\Downloads\미드텀이그잼202237010임수빈 (1)\미드텀이그잼202237010임수빈\202237010_임수빈_보노보노\202237010_임수빈_보노보노.cpp(309,27): warning C4244: '인수': 'double'에서 'int'(으)로 변환하면서 데이터가 손실될 수 있습니다.
C:\Users\fodzl\Downloads\미드텀이그잼202237010임수빈 (1)\미드텀이그잼202237010임수빈\202237010_임수빈_보노보노\202237010_임수빈_보노보노.cpp(310,67): warning C4244: '인수': 'double'에서 'int'(으)로 변환하면서 데이터가 손실될 수 있습니다.
C:\Users\fodzl\Downloads\미드텀이그잼202237010임수빈 (1)\미드텀이그잼202237010임수빈\202237010_임수빈_보노보노\202237010_임수빈_보노보노.cpp(324,20): warning C4244: '초기화 중': 'double'에서 'int'(으)로 변환하면서 데이터가 손실될 수 있습니다.
C:\Users\fodzl\Downloads\미드텀이그잼202237010임수빈 (1)\미드텀이그잼202237010임수빈\202237010_임수빈_보노보노\202237010_임수빈_보노보노.cpp(337,26): warning C4244: '초기화 중': 'double'에서 'int'(으)로 변환하면서 데이터가 손실될 수 있습니다.
C:\Users\fodzl\Downloads\미드텀이그잼202237010임수빈 (1)\미드텀이그잼202237010임수빈\202237010_임수빈_보노보노\202237010_임수빈_보노보노.cpp(338,26): warning C4244: '초기화 중': 'double'에서 'int'(으)로 변환하면서 데이터가 손실될 수 있습니다.
C:\Users\fodzl\Downloads\미드텀이그잼202237010임수빈 (1)\미드텀이그잼202237010임수빈\202237010_임수빈_보노보노\202237010_임수빈_보노보노.cpp(351,20): warning C4244: '초기화 중': 'double'에서 'int'(으)로 변환하면서 데이터가 손실될 수 있습니다.
C:\Users\fodzl\Downloads\미드텀이그잼202237010임수빈 (1)\미드텀이그잼202237010임수빈\202237010_임수빈_보노보노\202237010_임수빈_보노보노.cpp(357,29): warning C4244: '=': 'double'에서 'LONG'(으)로 변환하면서 데이터가 손실될 수 있습니다.
C:\Users\fodzl\Downloads\미드텀이그잼202237010임수빈 (1)\미드텀이그잼202237010임수빈\202237010_임수빈_보노보노\202237010_임수빈_보노보노.cpp(373,19): warning C4244: '초기화 중': 'double'에서 'int'(으)로 변환하면서 데이터가 손실될 수 있습니다.
  202237010_임수빈_보노보노.vcxproj -> C:\Users\fodzl\Downloads\미드텀이그잼202237010임수빈 (1)\미드텀이그잼202237010임수빈\Debug\202237010_임수빈_보노보노.exe
